This is pdfTeX, Version 3.141592653-2.6-1.40.26 (TeX Live 2024) (preloaded format=pdflatex 2024.12.1)  1 APR 2025 22:13
entering extended mode
 restricted \write18 enabled.
 file:line:error style messages enabled.
 %&-line parsing enabled.
**"d:/Research/github/learnSDE/Surrogate Neural Models for Random Fields/randomfield.tex"
(d:/Research/github/learnSDE/Surrogate Neural Models for Random Fields/randomfield.tex
LaTeX2e <2023-11-01> patch level 1
L3 programming layer <2024-02-20>
(d:/texlive/2024/texmf-dist/tex/latex/base/article.cls
Document Class: article 2023/05/17 v1.4n Standard LaTeX document class
(d:/texlive/2024/texmf-dist/tex/latex/base/size10.clo
File: size10.clo 2023/05/17 v1.4n Standard LaTeX file (size option)
)
\c@part=\count188
\c@section=\count189
\c@subsection=\count190
\c@subsubsection=\count191
\c@paragraph=\count192
\c@subparagraph=\count193
\c@figure=\count194
\c@table=\count195
\abovecaptionskip=\skip48
\belowcaptionskip=\skip49
\bibindent=\dimen140
) (./neurips_2024.sty

LaTeX Warning: You have requested package `neurips_2024',
               but the package provides `arxiv_style'.

Package: arxiv_style 2024/03/31 NeurIPS 2024 submission/camera-ready style file
(d:/texlive/2024/texmf-dist/tex/latex/environ/environ.sty
Package: environ 2014/05/04 v0.3 A new way to define environments
 (d:/texlive/2024/texmf-dist/tex/latex/trimspaces/trimspaces.sty
Package: trimspaces 2009/09/17 v1.1 Trim spaces around a token list
)
\@envbody=\toks17
) (d:/texlive/2024/texmf-dist/tex/latex/natbib/natbib.sty
Package: natbib 2010/09/13 8.31b (PWD, AO)
\bibhang=\skip50
\bibsep=\skip51
LaTeX Info: Redefining \cite on input line 694.
\c@NAT@ctr=\count196
) (d:/texlive/2024/texmf-dist/tex/latex/geometry/geometry.sty
Package: geometry 2020/01/02 v5.9 Page Geometry
 (d:/texlive/2024/texmf-dist/tex/latex/graphics/keyval.sty
Package: keyval 2022/05/29 v1.15 key=value parser (DPC)
\KV@toks@=\toks18
) (d:/texlive/2024/texmf-dist/tex/generic/iftex/ifvtex.sty
Package: ifvtex 2019/10/25 v1.7 ifvtex legacy package. Use iftex instead.
 (d:/texlive/2024/texmf-dist/tex/generic/iftex/iftex.sty
Package: iftex 2022/02/03 v1.0f TeX engine tests
))
\Gm@cnth=\count197
\Gm@cntv=\count198
\c@Gm@tempcnt=\count199
\Gm@bindingoffset=\dimen141
\Gm@wd@mp=\dimen142
\Gm@odd@mp=\dimen143
\Gm@even@mp=\dimen144
\Gm@layoutwidth=\dimen145
\Gm@layoutheight=\dimen146
\Gm@layouthoffset=\dimen147
\Gm@layoutvoffset=\dimen148
\Gm@dimlist=\toks19
)
\@neuripsabovecaptionskip=\skip52
\@neuripsbelowcaptionskip=\skip53
) (d:/texlive/2024/texmf-dist/tex/latex/base/inputenc.sty
Package: inputenc 2021/02/14 v1.3d Input encoding file
\inpenc@prehook=\toks20
\inpenc@posthook=\toks21
) (d:/texlive/2024/texmf-dist/tex/latex/base/fontenc.sty
Package: fontenc 2021/04/29 v2.0v Standard LaTeX package
LaTeX Font Info:    Trying to load font information for T1+ptm on input line 112.
 (d:/texlive/2024/texmf-dist/tex/latex/psnfss/t1ptm.fd
File: t1ptm.fd 2001/06/04 font definitions for T1/ptm.
)) (d:/texlive/2024/texmf-dist/tex/latex/hyperref/hyperref.sty
Package: hyperref 2024-01-20 v7.01h Hypertext links for LaTeX
 (d:/texlive/2024/texmf-dist/tex/latex/kvsetkeys/kvsetkeys.sty
Package: kvsetkeys 2022-10-05 v1.19 Key value parser (HO)
) (d:/texlive/2024/texmf-dist/tex/generic/kvdefinekeys/kvdefinekeys.sty
Package: kvdefinekeys 2019-12-19 v1.6 Define keys (HO)
) (d:/texlive/2024/texmf-dist/tex/generic/pdfescape/pdfescape.sty
Package: pdfescape 2019/12/09 v1.15 Implements pdfTeX's escape features (HO)
 (d:/texlive/2024/texmf-dist/tex/generic/ltxcmds/ltxcmds.sty
Package: ltxcmds 2023-12-04 v1.26 LaTeX kernel commands for general use (HO)
) (d:/texlive/2024/texmf-dist/tex/generic/pdftexcmds/pdftexcmds.sty
Package: pdftexcmds 2020-06-27 v0.33 Utility functions of pdfTeX for LuaTeX (HO)
 (d:/texlive/2024/texmf-dist/tex/generic/infwarerr/infwarerr.sty
Package: infwarerr 2019/12/03 v1.5 Providing info/warning/error messages (HO)
)
Package pdftexcmds Info: \pdf@primitive is available.
Package pdftexcmds Info: \pdf@ifprimitive is available.
Package pdftexcmds Info: \pdfdraftmode found.
)) (d:/texlive/2024/texmf-dist/tex/latex/hycolor/hycolor.sty
Package: hycolor 2020-01-27 v1.10 Color options for hyperref/bookmark (HO)
) (d:/texlive/2024/texmf-dist/tex/latex/auxhook/auxhook.sty
Package: auxhook 2019-12-17 v1.6 Hooks for auxiliary files (HO)
) (d:/texlive/2024/texmf-dist/tex/latex/hyperref/nameref.sty
Package: nameref 2023-11-26 v2.56 Cross-referencing by name of section
 (d:/texlive/2024/texmf-dist/tex/latex/refcount/refcount.sty
Package: refcount 2019/12/15 v3.6 Data extraction from label references (HO)
) (d:/texlive/2024/texmf-dist/tex/generic/gettitlestring/gettitlestring.sty
Package: gettitlestring 2019/12/15 v1.6 Cleanup title references (HO)
 (d:/texlive/2024/texmf-dist/tex/latex/kvoptions/kvoptions.sty
Package: kvoptions 2022-06-15 v3.15 Key value format for package options (HO)
))
\c@section@level=\count266
) (d:/texlive/2024/texmf-dist/tex/latex/etoolbox/etoolbox.sty
Package: etoolbox 2020/10/05 v2.5k e-TeX tools for LaTeX (JAW)
\etb@tempcnta=\count267
)
\@linkdim=\dimen149
\Hy@linkcounter=\count268
\Hy@pagecounter=\count269
 (d:/texlive/2024/texmf-dist/tex/latex/hyperref/pd1enc.def
File: pd1enc.def 2024-01-20 v7.01h Hyperref: PDFDocEncoding definition (HO)
Now handling font encoding PD1 ...
... no UTF-8 mapping file for font encoding PD1
) (d:/texlive/2024/texmf-dist/tex/generic/intcalc/intcalc.sty
Package: intcalc 2019/12/15 v1.3 Expandable calculations with integers (HO)
)
\Hy@SavedSpaceFactor=\count270
 (d:/texlive/2024/texmf-dist/tex/latex/hyperref/puenc.def
File: puenc.def 2024-01-20 v7.01h Hyperref: PDF Unicode definition (HO)
Now handling font encoding PU ...
... no UTF-8 mapping file for font encoding PU
)
Package hyperref Info: Hyper figures OFF on input line 4179.
Package hyperref Info: Link nesting OFF on input line 4184.
Package hyperref Info: Hyper index ON on input line 4187.
Package hyperref Info: Plain pages OFF on input line 4194.
Package hyperref Info: Backreferencing OFF on input line 4199.
Package hyperref Info: Implicit mode ON; LaTeX internals redefined.
Package hyperref Info: Bookmarks ON on input line 4446.
\c@Hy@tempcnt=\count271
 (d:/texlive/2024/texmf-dist/tex/latex/url/url.sty
\Urlmuskip=\muskip16
Package: url 2013/09/16  ver 3.4  Verb mode for urls, etc.
)
LaTeX Info: Redefining \url on input line 4784.
\XeTeXLinkMargin=\dimen150
 (d:/texlive/2024/texmf-dist/tex/generic/bitset/bitset.sty
Package: bitset 2019/12/09 v1.3 Handle bit-vector datatype (HO)
 (d:/texlive/2024/texmf-dist/tex/generic/bigintcalc/bigintcalc.sty
Package: bigintcalc 2019/12/15 v1.5 Expandable calculations on big integers (HO)
))
\Fld@menulength=\count272
\Field@Width=\dimen151
\Fld@charsize=\dimen152
Package hyperref Info: Hyper figures OFF on input line 6063.
Package hyperref Info: Link nesting OFF on input line 6068.
Package hyperref Info: Hyper index ON on input line 6071.
Package hyperref Info: backreferencing OFF on input line 6078.
Package hyperref Info: Link coloring OFF on input line 6083.
Package hyperref Info: Link coloring with OCG OFF on input line 6088.
Package hyperref Info: PDF/A mode OFF on input line 6093.
 (d:/texlive/2024/texmf-dist/tex/latex/base/atbegshi-ltx.sty
Package: atbegshi-ltx 2021/01/10 v1.0c Emulation of the original atbegshi
package with kernel methods
)
\Hy@abspage=\count273
\c@Item=\count274
\c@Hfootnote=\count275
)
Package hyperref Info: Driver (autodetected): hpdftex.
 (d:/texlive/2024/texmf-dist/tex/latex/hyperref/hpdftex.def
File: hpdftex.def 2024-01-20 v7.01h Hyperref driver for pdfTeX
 (d:/texlive/2024/texmf-dist/tex/latex/base/atveryend-ltx.sty
Package: atveryend-ltx 2020/08/19 v1.0a Emulation of the original atveryend package
with kernel methods
)
\Fld@listcount=\count276
\c@bookmark@seq@number=\count277
 (d:/texlive/2024/texmf-dist/tex/latex/rerunfilecheck/rerunfilecheck.sty
Package: rerunfilecheck 2022-07-10 v1.10 Rerun checks for auxiliary files (HO)
 (d:/texlive/2024/texmf-dist/tex/generic/uniquecounter/uniquecounter.sty
Package: uniquecounter 2019/12/15 v1.4 Provide unlimited unique counter (HO)
)
Package uniquecounter Info: New unique counter `rerunfilecheck' on input line 285.
)
\Hy@SectionHShift=\skip54
) (d:/texlive/2024/texmf-dist/tex/latex/booktabs/booktabs.sty
Package: booktabs 2020/01/12 v1.61803398 Publication quality tables
\heavyrulewidth=\dimen153
\lightrulewidth=\dimen154
\cmidrulewidth=\dimen155
\belowrulesep=\dimen156
\belowbottomsep=\dimen157
\aboverulesep=\dimen158
\abovetopsep=\dimen159
\cmidrulesep=\dimen160
\cmidrulekern=\dimen161
\defaultaddspace=\dimen162
\@cmidla=\count278
\@cmidlb=\count279
\@aboverulesep=\dimen163
\@belowrulesep=\dimen164
\@thisruleclass=\count280
\@lastruleclass=\count281
\@thisrulewidth=\dimen165
) (d:/texlive/2024/texmf-dist/tex/latex/amsfonts/amsfonts.sty
Package: amsfonts 2013/01/14 v3.01 Basic AMSFonts support
\@emptytoks=\toks22
\symAMSa=\mathgroup4
\symAMSb=\mathgroup5
LaTeX Font Info:    Redeclaring math symbol \hbar on input line 98.
LaTeX Font Info:    Overwriting math alphabet `\mathfrak' in version `bold'
(Font)                  U/euf/m/n --> U/euf/b/n on input line 106.
) (d:/texlive/2024/texmf-dist/tex/latex/units/nicefrac.sty
Package: nicefrac 1998/08/04 v0.9b Nice fractions
\L@UnitsRaiseDisplaystyle=\skip55
\L@UnitsRaiseTextstyle=\skip56
\L@UnitsRaiseScriptstyle=\skip57
 (d:/texlive/2024/texmf-dist/tex/latex/base/ifthen.sty
Package: ifthen 2022/04/13 v1.1d Standard LaTeX ifthen package (DPC)
)) (d:/texlive/2024/texmf-dist/tex/latex/microtype/microtype.sty
Package: microtype 2023/03/13 v3.1a Micro-typographical refinements (RS)
\MT@toks=\toks23
\MT@tempbox=\box51
\MT@count=\count282
LaTeX Info: Redefining \noprotrusionifhmode on input line 1059.
LaTeX Info: Redefining \leftprotrusion on input line 1060.
\MT@prot@toks=\toks24
LaTeX Info: Redefining \rightprotrusion on input line 1078.
LaTeX Info: Redefining \textls on input line 1368.
\MT@outer@kern=\dimen166
LaTeX Info: Redefining \textmicrotypecontext on input line 1988.
\MT@listname@count=\count283
 (d:/texlive/2024/texmf-dist/tex/latex/microtype/microtype-pdftex.def
File: microtype-pdftex.def 2023/03/13 v3.1a Definitions specific to pdftex (RS)
LaTeX Info: Redefining \lsstyle on input line 902.
LaTeX Info: Redefining \lslig on input line 902.
\MT@outer@space=\skip58
)
Package microtype Info: Loading configuration file microtype.cfg.
 (d:/texlive/2024/texmf-dist/tex/latex/microtype/microtype.cfg
File: microtype.cfg 2023/03/13 v3.1a microtype main configuration file (RS)
)) (d:/texlive/2024/texmf-dist/tex/latex/xcolor/xcolor.sty
Package: xcolor 2023/11/15 v3.01 LaTeX color extensions (UK)
 (d:/texlive/2024/texmf-dist/tex/latex/graphics-cfg/color.cfg
File: color.cfg 2016/01/02 v1.6 sample color configuration
)
Package xcolor Info: Driver file: pdftex.def on input line 274.
 (d:/texlive/2024/texmf-dist/tex/latex/graphics-def/pdftex.def
File: pdftex.def 2022/09/22 v1.2b Graphics/color driver for pdftex
) (d:/texlive/2024/texmf-dist/tex/latex/graphics/mathcolor.ltx)
Package xcolor Info: Model `cmy' substituted by `cmy0' on input line 1350.
Package xcolor Info: Model `hsb' substituted by `rgb' on input line 1354.
Package xcolor Info: Model `RGB' extended on input line 1366.
Package xcolor Info: Model `HTML' substituted by `rgb' on input line 1368.
Package xcolor Info: Model `Hsb' substituted by `hsb' on input line 1369.
Package xcolor Info: Model `tHsb' substituted by `hsb' on input line 1370.
Package xcolor Info: Model `HSB' substituted by `hsb' on input line 1371.
Package xcolor Info: Model `Gray' substituted by `gray' on input line 1372.
Package xcolor Info: Model `wave' substituted by `hsb' on input line 1373.
) (d:/texlive/2024/texmf-dist/tex/latex/amsmath/amsmath.sty
Package: amsmath 2023/05/13 v2.17o AMS math features
\@mathmargin=\skip59

For additional information on amsmath, use the `?' option.
(d:/texlive/2024/texmf-dist/tex/latex/amsmath/amstext.sty
Package: amstext 2021/08/26 v2.01 AMS text
 (d:/texlive/2024/texmf-dist/tex/latex/amsmath/amsgen.sty
File: amsgen.sty 1999/11/30 v2.0 generic functions
\@emptytoks=\toks25
\ex@=\dimen167
)) (d:/texlive/2024/texmf-dist/tex/latex/amsmath/amsbsy.sty
Package: amsbsy 1999/11/29 v1.2d Bold Symbols
\pmbraise@=\dimen168
) (d:/texlive/2024/texmf-dist/tex/latex/amsmath/amsopn.sty
Package: amsopn 2022/04/08 v2.04 operator names
)
\inf@bad=\count284
LaTeX Info: Redefining \frac on input line 234.
\uproot@=\count285
\leftroot@=\count286
LaTeX Info: Redefining \overline on input line 399.
LaTeX Info: Redefining \colon on input line 410.
\classnum@=\count287
\DOTSCASE@=\count288
LaTeX Info: Redefining \ldots on input line 496.
LaTeX Info: Redefining \dots on input line 499.
LaTeX Info: Redefining \cdots on input line 620.
\Mathstrutbox@=\box52
\strutbox@=\box53
LaTeX Info: Redefining \big on input line 722.
LaTeX Info: Redefining \Big on input line 723.
LaTeX Info: Redefining \bigg on input line 724.
LaTeX Info: Redefining \Bigg on input line 725.
\big@size=\dimen169
LaTeX Font Info:    Redeclaring font encoding OML on input line 743.
LaTeX Font Info:    Redeclaring font encoding OMS on input line 744.
\macc@depth=\count289
LaTeX Info: Redefining \bmod on input line 905.
LaTeX Info: Redefining \pmod on input line 910.
LaTeX Info: Redefining \smash on input line 940.
LaTeX Info: Redefining \relbar on input line 970.
LaTeX Info: Redefining \Relbar on input line 971.
\c@MaxMatrixCols=\count290
\dotsspace@=\muskip17
\c@parentequation=\count291
\dspbrk@lvl=\count292
\tag@help=\toks26
\row@=\count293
\column@=\count294
\maxfields@=\count295
\andhelp@=\toks27
\eqnshift@=\dimen170
\alignsep@=\dimen171
\tagshift@=\dimen172
\tagwidth@=\dimen173
\totwidth@=\dimen174
\lineht@=\dimen175
\@envbody=\toks28
\multlinegap=\skip60
\multlinetaggap=\skip61
\mathdisplay@stack=\toks29
LaTeX Info: Redefining \[ on input line 2953.
LaTeX Info: Redefining \] on input line 2954.
) (d:/texlive/2024/texmf-dist/tex/latex/amscls/amsthm.sty
Package: amsthm 2020/05/29 v2.20.6
\thm@style=\toks30
\thm@bodyfont=\toks31
\thm@headfont=\toks32
\thm@notefont=\toks33
\thm@headpunct=\toks34
\thm@preskip=\skip62
\thm@postskip=\skip63
\thm@headsep=\skip64
\dth@everypar=\toks35
) (d:/texlive/2024/texmf-dist/tex/latex/jknapltx/mathrsfs.sty
Package: mathrsfs 1996/01/01 Math RSFS package v1.0 (jk)
\symrsfs=\mathgroup6
) (d:/texlive/2024/texmf-dist/tex/latex/graphics/graphicx.sty
Package: graphicx 2021/09/16 v1.2d Enhanced LaTeX Graphics (DPC,SPQR)
 (d:/texlive/2024/texmf-dist/tex/latex/graphics/graphics.sty
Package: graphics 2022/03/10 v1.4e Standard LaTeX Graphics (DPC,SPQR)
 (d:/texlive/2024/texmf-dist/tex/latex/graphics/trig.sty
Package: trig 2021/08/11 v1.11 sin cos tan (DPC)
) (d:/texlive/2024/texmf-dist/tex/latex/graphics-cfg/graphics.cfg
File: graphics.cfg 2016/06/04 v1.11 sample graphics configuration
)
Package graphics Info: Driver file: pdftex.def on input line 107.
)
\Gin@req@height=\dimen176
\Gin@req@width=\dimen177
) (d:/texlive/2024/texmf-dist/tex/latex/caption/caption.sty
Package: caption 2023/08/05 v3.6o Customizing captions (AR)
 (d:/texlive/2024/texmf-dist/tex/latex/caption/caption3.sty
Package: caption3 2023/07/31 v2.4d caption3 kernel (AR)
\caption@tempdima=\dimen178
\captionmargin=\dimen179
\caption@leftmargin=\dimen180
\caption@rightmargin=\dimen181
\caption@width=\dimen182
\caption@indent=\dimen183
\caption@parindent=\dimen184
\caption@hangindent=\dimen185
Package caption Info: Standard document class detected.
)
\c@caption@flags=\count296
\c@continuedfloat=\count297
Package caption Info: hyperref package is loaded.
) (d:/texlive/2024/texmf-dist/tex/latex/float/float.sty
Package: float 2001/11/08 v1.3d Float enhancements (AL)
\c@float@type=\count298
\float@exts=\toks36
\float@box=\box54
\@float@everytoks=\toks37
\@floatcapt=\box55
)
\c@theorem=\count299
\c@definition=\count300
\c@remark=\count301
\c@example=\count302
\c@proposition=\count303
 (d:/texlive/2024/texmf-dist/tex/latex/l3backend/l3backend-pdftex.def
File: l3backend-pdftex.def 2024-02-20 L3 backend support: PDF output (pdfTeX)
\l__color_backend_stack_int=\count304
\l__pdf_internal_box=\box56
) (./randomfield.aux)
\openout1 = `randomfield.aux'.

LaTeX Font Info:    Checking defaults for OML/cmm/m/it on input line 69.
LaTeX Font Info:    ... okay on input line 69.
LaTeX Font Info:    Checking defaults for OMS/cmsy/m/n on input line 69.
LaTeX Font Info:    ... okay on input line 69.
LaTeX Font Info:    Checking defaults for OT1/cmr/m/n on input line 69.
LaTeX Font Info:    ... okay on input line 69.
LaTeX Font Info:    Checking defaults for T1/cmr/m/n on input line 69.
LaTeX Font Info:    ... okay on input line 69.
LaTeX Font Info:    Checking defaults for TS1/cmr/m/n on input line 69.
LaTeX Font Info:    ... okay on input line 69.
LaTeX Font Info:    Checking defaults for OMX/cmex/m/n on input line 69.
LaTeX Font Info:    ... okay on input line 69.
LaTeX Font Info:    Checking defaults for U/cmr/m/n on input line 69.
LaTeX Font Info:    ... okay on input line 69.
LaTeX Font Info:    Checking defaults for PD1/pdf/m/n on input line 69.
LaTeX Font Info:    ... okay on input line 69.
LaTeX Font Info:    Checking defaults for PU/pdf/m/n on input line 69.
LaTeX Font Info:    ... okay on input line 69.

*geometry* driver: auto-detecting
*geometry* detected driver: pdftex
*geometry* verbose mode - [ preamble ] result:
* driver: pdftex
* paper: letterpaper
* layout: <same size as paper>
* layoutoffset:(h,v)=(0.0pt,0.0pt)
* modes: 
* h-part:(L,W,R)=(92.14519pt, 430.00462pt, 92.14519pt)
* v-part:(T,H,B)=(95.39737pt, 556.47656pt, 143.09605pt)
* \paperwidth=614.295pt
* \paperheight=794.96999pt
* \textwidth=430.00462pt
* \textheight=556.47656pt
* \oddsidemargin=19.8752pt
* \evensidemargin=19.8752pt
* \topmargin=-13.87262pt
* \headheight=12.0pt
* \headsep=25.0pt
* \topskip=10.0pt
* \footskip=30.0pt
* \marginparwidth=65.0pt
* \marginparsep=11.0pt
* \columnsep=10.0pt
* \skip\footins=9.0pt plus 4.0pt minus 2.0pt
* \hoffset=0.0pt
* \voffset=0.0pt
* \mag=1000
* \@twocolumnfalse
* \@twosidefalse
* \@mparswitchfalse
* \@reversemarginfalse
* (1in=72.27pt=25.4mm, 1cm=28.453pt)

*geometry* verbose mode - [ newgeometry ] result:
* driver: pdftex
* paper: letterpaper
* layout: <same size as paper>
* layoutoffset:(h,v)=(0.0pt,0.0pt)
* modes: 
* h-part:(L,W,R)=(108.405pt, 397.48499pt, 108.40501pt)
* v-part:(T,H,B)=(72.26999pt, 650.43pt, 72.27pt)
* \paperwidth=614.295pt
* \paperheight=794.96999pt
* \textwidth=397.48499pt
* \textheight=650.43pt
* \oddsidemargin=36.13501pt
* \evensidemargin=36.13501pt
* \topmargin=-37.0pt
* \headheight=12.0pt
* \headsep=25.0pt
* \topskip=10.0pt
* \footskip=30.0pt
* \marginparwidth=65.0pt
* \marginparsep=11.0pt
* \columnsep=10.0pt
* \skip\footins=9.0pt plus 4.0pt minus 2.0pt
* \hoffset=0.0pt
* \voffset=0.0pt
* \mag=1000
* \@twocolumnfalse
* \@twosidefalse
* \@mparswitchfalse
* \@reversemarginfalse
* (1in=72.27pt=25.4mm, 1cm=28.453pt)

Package hyperref Info: Link coloring OFF on input line 69.
(./randomfield.out) (./randomfield.out)
\@outlinefile=\write3
\openout3 = `randomfield.out'.

LaTeX Info: Redefining \microtypecontext on input line 69.
Package microtype Info: Applying patch `item' on input line 69.
Package microtype Info: Applying patch `toc' on input line 69.
Package microtype Info: Applying patch `eqnum' on input line 69.
Package microtype Info: Applying patch `footnote' on input line 69.
Package microtype Info: Applying patch `verbatim' on input line 69.
Package microtype Info: Generating PDF output.
Package microtype Info: Character protrusion enabled (level 2).
Package microtype Info: Using default protrusion set `alltext'.
Package microtype Info: Automatic font expansion enabled (level 2),
(microtype)             stretch: 20, shrink: 20, step: 1, non-selected.
Package microtype Info: Using default expansion set `alltext-nott'.
LaTeX Info: Redefining \showhyphens on input line 69.
Package microtype Info: No adjustment of tracking.
Package microtype Info: No adjustment of interword spacing.
Package microtype Info: No adjustment of character kerning.
 (d:/texlive/2024/texmf-dist/tex/latex/microtype/mt-ptm.cfg
File: mt-ptm.cfg 2006/04/20 v1.7 microtype config. file: Times (RS)
) (d:/texlive/2024/texmf-dist/tex/context/base/mkii/supp-pdf.mkii
[Loading MPS to PDF converter (version 2006.09.02).]
\scratchcounter=\count305
\scratchdimen=\dimen186
\scratchbox=\box57
\nofMPsegments=\count306
\nofMParguments=\count307
\everyMPshowfont=\toks38
\MPscratchCnt=\count308
\MPscratchDim=\dimen187
\MPnumerator=\count309
\makeMPintoPDFobject=\count310
\everyMPtoPDFconversion=\toks39
) (d:/texlive/2024/texmf-dist/tex/latex/epstopdf-pkg/epstopdf-base.sty
Package: epstopdf-base 2020-01-24 v2.11 Base part for package epstopdf
Package epstopdf-base Info: Redefining graphics rule for `.eps' on input line 485.
 (d:/texlive/2024/texmf-dist/tex/latex/latexconfig/epstopdf-sys.cfg
File: epstopdf-sys.cfg 2010/07/13 v1.3 Configuration of (r)epstopdf for TeX Live
))
Package caption Info: Begin \AtBeginDocument code.
Package caption Info: float package is loaded.
Package caption Info: End \AtBeginDocument code.
 (d:/texlive/2024/texmf-dist/tex/latex/microtype/mt-cmr.cfg
File: mt-cmr.cfg 2013/05/19 v2.2 microtype config. file: Computer Modern Roman (RS)
)
LaTeX Font Info:    Trying to load font information for U+msa on input line 73.
 (d:/texlive/2024/texmf-dist/tex/latex/amsfonts/umsa.fd
File: umsa.fd 2013/01/14 v3.01 AMS symbols A
) (d:/texlive/2024/texmf-dist/tex/latex/microtype/mt-msa.cfg
File: mt-msa.cfg 2006/02/04 v1.1 microtype config. file: AMS symbols (a) (RS)
)
LaTeX Font Info:    Trying to load font information for U+msb on input line 73.
 (d:/texlive/2024/texmf-dist/tex/latex/amsfonts/umsb.fd
File: umsb.fd 2013/01/14 v3.01 AMS symbols B
) (d:/texlive/2024/texmf-dist/tex/latex/microtype/mt-msb.cfg
File: mt-msb.cfg 2005/06/01 v1.0 microtype config. file: AMS symbols (b) (RS)
)
LaTeX Font Info:    Trying to load font information for U+rsfs on input line 73.
 (d:/texlive/2024/texmf-dist/tex/latex/jknapltx/ursfs.fd
File: ursfs.fd 1998/03/24 rsfs font definition file (jk)
)
LaTeX Font Info:    Trying to load font information for T1+cmtt on input line 73.
 (d:/texlive/2024/texmf-dist/tex/latex/base/t1cmtt.fd
File: t1cmtt.fd 2023/04/13 v2.5m Standard LaTeX font definitions
)
Package microtype Info: Loading generic protrusion settings for font family
(microtype)             `cmtt' (encoding: T1).
(microtype)             For optimal results, create family-specific settings.
(microtype)             See the microtype manual for details.
 [1


{d:/texlive/2024/texmf-var/fonts/map/pdftex/updmap/pdftex.map}{d:/texlive/2024/texmf-dist/fonts/enc/dvips/base/8r.enc}{d:/texlive/2024/texmf-dist/fonts/enc/dvips/cm-super/cm-super-t1.enc}]
LaTeX Font Info:    Trying to load font information for TS1+ptm on input line 174.
 (d:/texlive/2024/texmf-dist/tex/latex/psnfss/ts1ptm.fd
File: ts1ptm.fd 2001/06/04 font definitions for TS1/ptm.
) [2] [3]

Package hyperref Warning: Token not allowed in a PDF string (Unicode):
(hyperref)                removing `math shift' on input line 304.


Package hyperref Warning: Token not allowed in a PDF string (Unicode):
(hyperref)                removing `superscript' on input line 304.


Package hyperref Warning: Token not allowed in a PDF string (Unicode):
(hyperref)                removing `math shift' on input line 304.

[4] [5]

Package hyperref Warning: Token not allowed in a PDF string (Unicode):
(hyperref)                removing `math shift' on input line 454.


Package hyperref Warning: Token not allowed in a PDF string (Unicode):
(hyperref)                removing `superscript' on input line 454.


Package hyperref Warning: Token not allowed in a PDF string (Unicode):
(hyperref)                removing `\times' on input line 454.


Package hyperref Warning: Token not allowed in a PDF string (Unicode):
(hyperref)                removing `math shift' on input line 454.

[6] [7]
<pics/1D_Empirical_vs_Theoretical_Covariance_2048_100.0_2_1.png, id=257, 505.89pt x 279.0425pt>
File: pics/1D_Empirical_vs_Theoretical_Covariance_2048_100.0_2_1.png Graphic file (type png)
<use pics/1D_Empirical_vs_Theoretical_Covariance_2048_100.0_2_1.png>
Package pdftex.def Info: pics/1D_Empirical_vs_Theoretical_Covariance_2048_100.0_2_1.png  used on input line 551.
(pdftex.def)             Requested size: 198.7425pt x 109.6266pt.
<./pics/1D_RF_4096_100.0_0.5_1.png, id=260, 433.62pt x 289.08pt>
File: ./pics/1D_RF_4096_100.0_0.5_1.png Graphic file (type png)
<use ./pics/1D_RF_4096_100.0_0.5_1.png>
Package pdftex.def Info: ./pics/1D_RF_4096_100.0_0.5_1.png  used on input line 562.
(pdftex.def)             Requested size: 119.2467pt x 79.49503pt.
<./pics/1D_RF_4096_100.0_1_1.png, id=261, 433.62pt x 289.08pt>
File: ./pics/1D_RF_4096_100.0_1_1.png Graphic file (type png)
<use ./pics/1D_RF_4096_100.0_1_1.png>
Package pdftex.def Info: ./pics/1D_RF_4096_100.0_1_1.png  used on input line 567.
(pdftex.def)             Requested size: 119.2467pt x 79.49503pt.
<./pics/1D_RF_4096_100.0_1.5_1.png, id=262, 433.62pt x 289.08pt>
File: ./pics/1D_RF_4096_100.0_1.5_1.png Graphic file (type png)
<use ./pics/1D_RF_4096_100.0_1.5_1.png>
Package pdftex.def Info: ./pics/1D_RF_4096_100.0_1.5_1.png  used on input line 573.
(pdftex.def)             Requested size: 119.2467pt x 79.49503pt.
<./pics/1D_RF_4096_100.0_2_1.png, id=263, 433.62pt x 289.08pt>
File: ./pics/1D_RF_4096_100.0_2_1.png Graphic file (type png)
<use ./pics/1D_RF_4096_100.0_2_1.png>
Package pdftex.def Info: ./pics/1D_RF_4096_100.0_2_1.png  used on input line 580.
(pdftex.def)             Requested size: 119.2467pt x 79.49503pt.
<./pics/1D_RF_4096_100.0_6_1.png, id=264, 433.62pt x 289.08pt>
File: ./pics/1D_RF_4096_100.0_6_1.png Graphic file (type png)
<use ./pics/1D_RF_4096_100.0_6_1.png>
Package pdftex.def Info: ./pics/1D_RF_4096_100.0_6_1.png  used on input line 585.
(pdftex.def)             Requested size: 119.2467pt x 79.49503pt.
<./pics/1D_RF_4096_100.0_10_1.png, id=265, 371.3875pt x 248.93pt>
File: ./pics/1D_RF_4096_100.0_10_1.png Graphic file (type png)
<use ./pics/1D_RF_4096_100.0_10_1.png>
Package pdftex.def Info: ./pics/1D_RF_4096_100.0_10_1.png  used on input line 591.
(pdftex.def)             Requested size: 119.2467pt x 79.92511pt.
<./pics/1D_NeuralRF_4096_100.0_0.5_1.png, id=266, 493.845pt x 362.35374pt>
File: ./pics/1D_NeuralRF_4096_100.0_0.5_1.png Graphic file (type png)
<use ./pics/1D_NeuralRF_4096_100.0_0.5_1.png>
Package pdftex.def Info: ./pics/1D_NeuralRF_4096_100.0_0.5_1.png  used on input line 605.
(pdftex.def)             Requested size: 119.2467pt x 87.49193pt.
<./pics/1D_NeuralRF_4096_100.0_2_1.png, id=267, 499.8675pt x 358.33875pt>
File: ./pics/1D_NeuralRF_4096_100.0_2_1.png Graphic file (type png)
<use ./pics/1D_NeuralRF_4096_100.0_2_1.png>
Package pdftex.def Info: ./pics/1D_NeuralRF_4096_100.0_2_1.png  used on input line 610.
(pdftex.def)             Requested size: 119.2467pt x 85.48361pt.
<./pics/1D_NeuralRF_4096_100.0_10_1.png, id=268, 493.845pt x 358.33875pt>
File: ./pics/1D_NeuralRF_4096_100.0_10_1.png Graphic file (type png)
<use ./pics/1D_NeuralRF_4096_100.0_10_1.png>
Package pdftex.def Info: ./pics/1D_NeuralRF_4096_100.0_10_1.png  used on input line 616.
(pdftex.def)             Requested size: 119.2467pt x 86.52249pt.
 [8 <./pics/1D_Empirical_vs_Theoretical_Covariance_2048_100.0_2_1.png> <./pics/1D_RF_4096_100.0_0.5_1.png> <./pics/1D_RF_4096_100.0_1_1.png> <./pics/1D_RF_4096_100.0_1.5_1.png> <./pics/1D_RF_4096_100.0_2_1.png> <./pics/1D_RF_4096_100.0_6_1.png> <./pics/1D_RF_4096_100.0_10_1.png>]
<pics/1D_DataDrivenRF_4096_100.0_2_1.png, id=284, 578.16pt x 433.62pt>
File: pics/1D_DataDrivenRF_4096_100.0_2_1.png Graphic file (type png)
<use pics/1D_DataDrivenRF_4096_100.0_2_1.png>
Package pdftex.def Info: pics/1D_DataDrivenRF_4096_100.0_2_1.png  used on input line 645.
(pdftex.def)             Requested size: 198.7425pt x 149.0565pt.
<./pics/2D_RF_256_10.0_0.5_1.png, id=285, 578.16pt x 433.62pt>
File: ./pics/2D_RF_256_10.0_0.5_1.png Graphic file (type png)
<use ./pics/2D_RF_256_10.0_0.5_1.png>
Package pdftex.def Info: ./pics/2D_RF_256_10.0_0.5_1.png  used on input line 658.
(pdftex.def)             Requested size: 119.2467pt x 89.43523pt.
<./pics/2D_RF_256_10.0_1_1.png, id=286, 578.16pt x 433.62pt>
File: ./pics/2D_RF_256_10.0_1_1.png Graphic file (type png)
<use ./pics/2D_RF_256_10.0_1_1.png>
Package pdftex.def Info: ./pics/2D_RF_256_10.0_1_1.png  used on input line 663.
(pdftex.def)             Requested size: 119.2467pt x 89.43523pt.
<./pics/2D_RF_256_10.0_2_1.png, id=287, 578.16pt x 433.62pt>
File: ./pics/2D_RF_256_10.0_2_1.png Graphic file (type png)
<use ./pics/2D_RF_256_10.0_2_1.png>
Package pdftex.def Info: ./pics/2D_RF_256_10.0_2_1.png  used on input line 669.
(pdftex.def)             Requested size: 119.2467pt x 89.43523pt.
<./pics/2D_RF_256_10.0_3_1.png, id=288, 578.16pt x 433.62pt>
File: ./pics/2D_RF_256_10.0_3_1.png Graphic file (type png)
<use ./pics/2D_RF_256_10.0_3_1.png>
Package pdftex.def Info: ./pics/2D_RF_256_10.0_3_1.png  used on input line 676.
(pdftex.def)             Requested size: 119.2467pt x 89.43523pt.
<./pics/2D_RF_256_10.0_6_1.png, id=289, 578.16pt x 433.62pt>
File: ./pics/2D_RF_256_10.0_6_1.png Graphic file (type png)
<use ./pics/2D_RF_256_10.0_6_1.png>
Package pdftex.def Info: ./pics/2D_RF_256_10.0_6_1.png  used on input line 681.
(pdftex.def)             Requested size: 119.2467pt x 89.43523pt.
<./pics/2D_RF_256_10.0_10_1.png, id=290, 578.16pt x 433.62pt>
File: ./pics/2D_RF_256_10.0_10_1.png Graphic file (type png)
<use ./pics/2D_RF_256_10.0_10_1.png>
Package pdftex.def Info: ./pics/2D_RF_256_10.0_10_1.png  used on input line 687.
(pdftex.def)             Requested size: 119.2467pt x 89.43523pt.

Underfull \vbox (badness 10000) has occurred while \output is active []

 [9 <./pics/1D_NeuralRF_4096_100.0_0.5_1.png> <./pics/1D_NeuralRF_4096_100.0_2_1.png> <./pics/1D_NeuralRF_4096_100.0_10_1.png> <./pics/1D_DataDrivenRF_4096_100.0_2_1.png>]
<./pics/2D_NeuralRF_256_10.0_0.5_1.png, id=304, 433.62pt x 289.08pt>
File: ./pics/2D_NeuralRF_256_10.0_0.5_1.png Graphic file (type png)
<use ./pics/2D_NeuralRF_256_10.0_0.5_1.png>
Package pdftex.def Info: ./pics/2D_NeuralRF_256_10.0_0.5_1.png  used on input line 700.
(pdftex.def)             Requested size: 119.2467pt x 79.49503pt.
<./pics/2D_NeuralRF_256_10.0_1_1.png, id=305, 433.62pt x 289.08pt>
File: ./pics/2D_NeuralRF_256_10.0_1_1.png Graphic file (type png)
<use ./pics/2D_NeuralRF_256_10.0_1_1.png>
Package pdftex.def Info: ./pics/2D_NeuralRF_256_10.0_1_1.png  used on input line 705.
(pdftex.def)             Requested size: 119.2467pt x 79.49503pt.
<./pics/2D_NeuralRF_256_10.0_2_1.png, id=306, 433.62pt x 289.08pt>
File: ./pics/2D_NeuralRF_256_10.0_2_1.png Graphic file (type png)
<use ./pics/2D_NeuralRF_256_10.0_2_1.png>
Package pdftex.def Info: ./pics/2D_NeuralRF_256_10.0_2_1.png  used on input line 711.
(pdftex.def)             Requested size: 119.2467pt x 79.49503pt.
<./pics/2D_NeuralRF_256_10.0_3_1.png, id=307, 433.62pt x 289.08pt>
File: ./pics/2D_NeuralRF_256_10.0_3_1.png Graphic file (type png)
<use ./pics/2D_NeuralRF_256_10.0_3_1.png>
Package pdftex.def Info: ./pics/2D_NeuralRF_256_10.0_3_1.png  used on input line 718.
(pdftex.def)             Requested size: 119.2467pt x 79.49503pt.
<./pics/2D_NeuralRF_256_10.0_6_1.png, id=308, 433.62pt x 289.08pt>
File: ./pics/2D_NeuralRF_256_10.0_6_1.png Graphic file (type png)
<use ./pics/2D_NeuralRF_256_10.0_6_1.png>
Package pdftex.def Info: ./pics/2D_NeuralRF_256_10.0_6_1.png  used on input line 723.
(pdftex.def)             Requested size: 119.2467pt x 79.49503pt.
<./pics/2D_NeuralRF_256_10.0_10_1.png, id=309, 433.62pt x 289.08pt>
File: ./pics/2D_NeuralRF_256_10.0_10_1.png Graphic file (type png)
<use ./pics/2D_NeuralRF_256_10.0_10_1.png>
Package pdftex.def Info: ./pics/2D_NeuralRF_256_10.0_10_1.png  used on input line 729.
(pdftex.def)             Requested size: 119.2467pt x 79.49503pt.
 [10 <./pics/2D_RF_256_10.0_0.5_1.png> <./pics/2D_RF_256_10.0_1_1.png> <./pics/2D_RF_256_10.0_2_1.png> <./pics/2D_RF_256_10.0_3_1.png> <./pics/2D_RF_256_10.0_6_1.png> <./pics/2D_RF_256_10.0_10_1.png> <./pics/2D_NeuralRF_256_10.0_0.5_1.png> <./pics/2D_NeuralRF_256_10.0_1_1.png> <./pics/2D_NeuralRF_256_10.0_2_1.png> <./pics/2D_NeuralRF_256_10.0_3_1.png> <./pics/2D_NeuralRF_256_10.0_6_1.png> <./pics/2D_NeuralRF_256_10.0_10_1.png>] (./randomfield.bbl [11]) [12] [13] [14] [15] (./randomfield.aux)
 ***********
LaTeX2e <2023-11-01> patch level 1
L3 programming layer <2024-02-20>
 ***********
Package rerunfilecheck Info: File `randomfield.out' has not changed.
(rerunfilecheck)             Checksum: DD284D012263958F6B28EF177B8EEAC8;2803.
 ) 
Here is how much of TeX's memory you used:
 15211 strings out of 476023
 247008 string characters out of 5791734
 1945190 words of memory out of 5000000
 36724 multiletter control sequences out of 15000+600000
 599449 words of font info for 227 fonts, out of 8000000 for 9000
 36 hyphenation exceptions out of 8191
 75i,9n,79p,1080b,643s stack positions out of 10000i,1000n,20000p,200000b,200000s
<d:/texlive/2024/texmf-dist/fonts/type1/public/amsfonts/cm/cmbx10.pfb><d:/texlive/2024/texmf-dist/fonts/type1/public/amsfonts/cm/cmex10.pfb><d:/texlive/2024/texmf-dist/fonts/type1/public/amsfonts/cmextra/cmex7.pfb><d:/texlive/2024/texmf-dist/fonts/type1/public/amsfonts/cm/cmmi10.pfb><d:/texlive/2024/texmf-dist/fonts/type1/public/amsfonts/cm/cmmi12.pfb><d:/texlive/2024/texmf-dist/fonts/type1/public/amsfonts/cm/cmmi5.pfb><d:/texlive/2024/texmf-dist/fonts/type1/public/amsfonts/cm/cmmi7.pfb><d:/texlive/2024/texmf-dist/fonts/type1/public/amsfonts/cm/cmmi8.pfb><d:/texlive/2024/texmf-dist/fonts/type1/public/amsfonts/cm/cmr10.pfb><d:/texlive/2024/texmf-dist/fonts/type1/public/amsfonts/cm/cmr12.pfb><d:/texlive/2024/texmf-dist/fonts/type1/public/amsfonts/cm/cmr5.pfb><d:/texlive/2024/texmf-dist/fonts/type1/public/amsfonts/cm/cmr7.pfb><d:/texlive/2024/texmf-dist/fonts/type1/public/amsfonts/cm/cmsy10.pfb><d:/texlive/2024/texmf-dist/fonts/type1/public/amsfonts/cm/cmsy7.pfb><d:/texlive/2024/texmf-dist/fonts/type1/public/amsfonts/symbols/msbm10.pfb><d:/texlive/2024/texmf-dist/fonts/type1/public/amsfonts/symbols/msbm7.pfb><d:/texlive/2024/texmf-dist/fonts/type1/public/cm-super/sftt1000.pfb><d:/texlive/2024/texmf-dist/fonts/type1/urw/times/utmb8a.pfb><d:/texlive/2024/texmf-dist/fonts/type1/urw/times/utmr8a.pfb><d:/texlive/2024/texmf-dist/fonts/type1/urw/times/utmri8a.pfb>
Output written on randomfield.pdf (15 pages, 1243334 bytes).
PDF statistics:
 503 PDF objects out of 1000 (max. 8388607)
 396 compressed objects within 4 object streams
 164 named destinations out of 1000 (max. 500000)
 37636 words of extra memory for PDF output out of 42996 (max. 10000000)

